<?xml version="1.0" encoding="UTF-8"?>
<testsuite xmlns:xsi="http://www.w3.org/2001/XMLSchema-instance" xsi:noNamespaceSchemaLocation="https://maven.apache.org/surefire/maven-surefire-plugin/xsd/surefire-test-report-3.0.xsd" version="3.0" name="com.example.usersapi.AuthFlowTests" time="24.021" tests="5" errors="0" skipped="0" failures="0">
  <properties>
[...]
</properties>
  <testcase name="loginWithCorrectPassword_returnsToken" classname="com.example.usersapi.AuthFlowTests" time="2.669">
    <system-out><![CDATA[00:46:38.024 [main] INFO org.springframework.test.context.support.AnnotationConfigContextLoaderUtils -- Could not detect default configuration classes for test class [com.example.usersapi.AuthFlowTests]: AuthFlowTests does not declare any static, non-private, non-final, nested classes annotated with @Configuration.
00:46:38.369 [main] INFO org.springframework.boot.test.context.SpringBootTestContextBootstrapper -- Found @SpringBootConfiguration com.example.usersapi.UsersApiApplication for test class com.example.usersapi.AuthFlowTests
  .   ____          _            __ _ _
 /\\ / ___'_ __ _ _(_)_ __  __ _ \ \ \ \
( ( )\___ | '_ | '_| | '_ \/ _` | \ \ \ \
 \\/  ___)| |_)| | | | | || (_| |  ) ) ) )
  '  |____| .__|_| |_|_| |_\__, | / / / /
 =========|_|==============|___/=/_/_/_/

 :: Spring Boot ::                (v3.3.0)

2026-07-01T00:46:40.898+05:30  INFO 26928 --- [users-api] [           main] com.example.usersapi.AuthFlowTests       : Starting AuthFlowTests using Java 25.0.1 with PID 26928 (started by Sagar in D:\Projects (sushma)\Prodigy Infotech\Prodigy Infotech_BD_Task03\users-api (4)\users-api)
2026-07-01T00:46:40.902+05:30  INFO 26928 --- [users-api] [           main] com.example.usersapi.AuthFlowTests       : The following 1 profile is active: "test"
2026-07-01T00:46:43.545+05:30  INFO 26928 --- [users-api] [           main] .s.d.r.c.RepositoryConfigurationDelegate : Bootstrapping Spring Data JPA repositories in DEFAULT mode.
2026-07-01T00:46:43.817+05:30  INFO 26928 --- [users-api] [           main] .s.d.r.c.RepositoryConfigurationDelegate : Finished Spring Data repository scanning in 249 ms. Found 1 JPA repository interface.
2026-07-01T00:46:45.888+05:30  INFO 26928 --- [users-api] [           main] o.hibernate.jpa.internal.util.LogHelper  : HHH000204: Processing PersistenceUnitInfo [name: default]
2026-07-01T00:46:46.132+05:30  INFO 26928 --- [users-api] [           main] org.hibernate.Version                    : HHH000412: Hibernate ORM core version 6.5.2.Final
2026-07-01T00:46:46.251+05:30  INFO 26928 --- [users-api] [           main] o.h.c.internal.RegionFactoryInitiator    : HHH000026: Second-level cache disabled
2026-07-01T00:46:47.589+05:30  INFO 26928 --- [users-api] [           main] o.s.o.j.p.SpringPersistenceUnitInfo      : No LoadTimeWeaver setup: ignoring JPA class transformer
2026-07-01T00:46:47.746+05:30  INFO 26928 --- [users-api] [           main] com.zaxxer.hikari.HikariDataSource       : UsersApiHikariPool - Starting...
2026-07-01T00:46:48.585+05:30  INFO 26928 --- [users-api] [           main] com.zaxxer.hikari.pool.HikariPool        : UsersApiHikariPool - Added connection conn0: url=jdbc:h2:mem:testdb user=SA
2026-07-01T00:46:48.590+05:30  INFO 26928 --- [users-api] [           main] com.zaxxer.hikari.HikariDataSource       : UsersApiHikariPool - Start completed.
2026-07-01T00:46:51.547+05:30  INFO 26928 --- [users-api] [           main] o.h.e.t.j.p.i.JtaPlatformInitiator       : HHH000489: No JTA platform available (set 'hibernate.transaction.jta.platform' to enable JTA platform integration)
2026-07-01T00:46:51.755+05:30  INFO 26928 --- [users-api] [           main] j.LocalContainerEntityManagerFactoryBean : Initialized JPA EntityManagerFactory for persistence unit 'default'
2026-07-01T00:46:53.029+05:30  INFO 26928 --- [users-api] [           main] eAuthenticationProviderManagerConfigurer : Global AuthenticationManager configured with AuthenticationProvider bean with name authenticationProvider
2026-07-01T00:46:53.031+05:30  WARN 26928 --- [users-api] [           main] r$InitializeUserDetailsManagerConfigurer : Global AuthenticationManager configured with an AuthenticationProvider bean. UserDetailsService beans will not be used for username/password login. Consider removing the AuthenticationProvider bean. Alternatively, consider using the UserDetailsService in a manually instantiated DaoAuthenticationProvider.
2026-07-01T00:46:54.238+05:30  INFO 26928 --- [users-api] [           main] o.s.s.web.DefaultSecurityFilterChain     : Will secure any request with [org.springframework.security.web.session.DisableEncodeUrlFilter@732bb49d, org.springframework.security.web.context.request.async.WebAsyncManagerIntegrationFilter@684eb4a0, org.springframework.security.web.context.SecurityContextHolderFilter@60510791, org.springframework.security.web.header.HeaderWriterFilter@4a532271, org.springframework.web.filter.CorsFilter@19a4cdea, org.springframework.security.web.authentication.logout.LogoutFilter@1f3f0d25, com.example.usersapi.security.JwtAuthenticationFilter@18cb4ed1, org.springframework.security.web.savedrequest.RequestCacheAwareFilter@a1689e8, org.springframework.security.web.servletapi.SecurityContextHolderAwareRequestFilter@790ea58f, org.springframework.security.web.authentication.AnonymousAuthenticationFilter@434a2a10, org.springframework.security.web.session.SessionManagementFilter@cef23a8, org.springframework.security.web.access.ExceptionTranslationFilter@18d63996, org.springframework.security.web.access.intercept.AuthorizationFilter@62ff3028]
2026-07-01T00:46:56.529+05:30  INFO 26928 --- [users-api] [           main] o.s.b.t.m.w.SpringBootMockServletContext : Initializing Spring TestDispatcherServlet ''
2026-07-01T00:46:56.530+05:30  INFO 26928 --- [users-api] [           main] o.s.t.web.servlet.TestDispatcherServlet  : Initializing Servlet ''
2026-07-01T00:46:56.537+05:30  INFO 26928 --- [users-api] [           main] o.s.t.web.servlet.TestDispatcherServlet  : Completed initialization in 7 ms
2026-07-01T00:46:56.605+05:30  INFO 26928 --- [users-api] [           main] com.example.usersapi.AuthFlowTests       : Started AuthFlowTests in 17.664 seconds (process running for 21.746)
2026-07-01T00:46:57.613+05:30  INFO 26928 --- [users-api] [           main] c.example.usersapi.config.AdminSeeder    : Seeded initial admin account with email 'admin@example.com'.
]]></system-out>
    <system-err><![CDATA[WARNING: A Java agent has been loaded dynamically (C:\Users\Sagar\.m2\repository\net\bytebuddy\byte-buddy-agent\1.14.16\byte-buddy-agent-1.14.16.jar)
WARNING: If a serviceability tool is in use, please run with -XX:+EnableDynamicAgentLoading to hide this warning
WARNING: If a serviceability tool is not in use, please run with -Djdk.instrument.traceUsage for more information
WARNING: Dynamic loading of agents will be disallowed by default in a future release
]]></system-err>
  </testcase>
  <testcase name="regularUserCannotAccessAdminUsersEndpoint" classname="com.example.usersapi.AuthFlowTests" time="0.383"/>
  <testcase name="loginWithWrongPassword_returns401" classname="com.example.usersapi.AuthFlowTests" time="0.348"/>
  <testcase name="registerThenAccessOwnProfile_succeeds" classname="com.example.usersapi.AuthFlowTests" time="0.314"/>
  <testcase name="accessProtectedRouteWithoutToken_returns401" classname="com.example.usersapi.AuthFlowTests" time="0.013"/>
</testsuite>